[2020-06-29 22:39:42] app.INFO: Protect vendor folder in module contactform [] []
[2020-06-29 22:39:42] app.INFO: Module contactform has no vendor folder [] []
[2020-06-29 22:39:42] app.INFO: Protect vendor folder in module dashactivity [] []
[2020-06-29 22:39:42] app.INFO: Module dashactivity has no vendor folder [] []
[2020-06-29 22:39:42] app.INFO: Protect vendor folder in module dashtrends [] []
[2020-06-29 22:39:42] app.INFO: Module dashtrends has no vendor folder [] []
[2020-06-29 22:39:43] app.INFO: Protect vendor folder in module dashgoals [] []
[2020-06-29 22:39:43] app.INFO: Module dashgoals has no vendor folder [] []
[2020-06-29 22:39:43] app.INFO: Protect vendor folder in module dashproducts [] []
[2020-06-29 22:39:43] app.INFO: Module dashproducts has no vendor folder [] []
[2020-06-29 22:39:43] app.INFO: Protect vendor folder in module graphnvd3 [] []
[2020-06-29 22:39:43] app.INFO: Module graphnvd3 has no vendor folder [] []
[2020-06-29 22:39:43] app.INFO: Protect vendor folder in module gridhtml [] []
[2020-06-29 22:39:43] app.INFO: Module gridhtml has no vendor folder [] []
[2020-06-29 22:39:43] app.INFO: Protect vendor folder in module gsitemap [] []
[2020-06-29 22:39:43] app.INFO: Module gsitemap has no vendor folder [] []
[2020-06-29 22:39:43] app.INFO: Protect vendor folder in module ps_banner [] []
[2020-06-29 22:39:43] app.INFO: Module ps_banner has no vendor folder [] []
[2020-06-29 22:39:43] app.INFO: Protect vendor folder in module ps_categorytree [] []
[2020-06-29 22:39:43] app.INFO: Module ps_categorytree has no vendor folder [] []
[2020-06-29 22:39:43] app.INFO: Protect vendor folder in module ps_checkpayment [] []
[2020-06-29 22:39:43] app.INFO: Module ps_checkpayment has no vendor folder [] []
[2020-06-29 22:39:43] app.INFO: Protect vendor folder in module ps_contactinfo [] []
[2020-06-29 22:39:43] app.INFO: Module ps_contactinfo has no vendor folder [] []
[2020-06-29 22:39:43] app.INFO: Protect vendor folder in module ps_currencyselector [] []
[2020-06-29 22:39:43] app.INFO: Module ps_currencyselector has no vendor folder [] []
[2020-06-29 22:39:43] app.INFO: Protect vendor folder in module ps_customeraccountlinks [] []
[2020-06-29 22:39:43] app.INFO: Module ps_customeraccountlinks has no vendor folder [] []
[2020-06-29 22:39:43] app.INFO: Protect vendor folder in module ps_customersignin [] []
[2020-06-29 22:39:43] app.INFO: Module ps_customersignin has no vendor folder [] []
[2020-06-29 22:39:43] app.INFO: Protect vendor folder in module ps_customtext [] []
[2020-06-29 22:39:43] app.INFO: Module ps_customtext has no vendor folder [] []
[2020-06-29 22:39:44] app.INFO: Protect vendor folder in module ps_emailsubscription [] []
[2020-06-29 22:39:44] app.INFO: Module ps_emailsubscription has no vendor folder [] []
[2020-06-29 22:39:44] app.INFO: Protect vendor folder in module ps_facetedsearch [] []
[2020-06-29 22:39:44] app.INFO: Module ps_facetedsearch has no vendor folder [] []
[2020-06-29 22:39:44] app.INFO: Protect vendor folder in module ps_faviconnotificationbo [] []
[2020-06-29 22:39:44] app.INFO: Module ps_faviconnotificationbo has no vendor folder [] []
[2020-06-29 22:39:45] app.INFO: Protect vendor folder in module ps_featuredproducts [] []
[2020-06-29 22:39:45] app.INFO: Module ps_featuredproducts has no vendor folder [] []
[2020-06-29 22:39:45] app.INFO: Protect vendor folder in module ps_imageslider [] []
[2020-06-29 22:39:45] app.INFO: Module ps_imageslider has no vendor folder [] []
[2020-06-29 22:39:45] app.INFO: Protect vendor folder in module ps_languageselector [] []
[2020-06-29 22:39:45] app.INFO: Module ps_languageselector has no vendor folder [] []
[2020-06-29 22:39:45] app.INFO: Protect vendor folder in module ps_linklist [] []
[2020-06-29 22:39:45] app.INFO: Module ps_linklist has no vendor folder [] []
[2020-06-29 22:39:45] app.ERROR: Class "AdminLinkWidgetController" not found in controllers/admin [] []
[2020-06-29 22:39:45] app.INFO: Protect vendor folder in module ps_mainmenu [] []
[2020-06-29 22:39:45] app.INFO: Module ps_mainmenu has no vendor folder [] []
[2020-06-29 22:39:45] app.INFO: Protect vendor folder in module ps_searchbar [] []
[2020-06-29 22:39:45] app.INFO: Module ps_searchbar has no vendor folder [] []
[2020-06-29 22:39:45] app.INFO: Protect vendor folder in module ps_sharebuttons [] []
[2020-06-29 22:39:45] app.INFO: Module ps_sharebuttons has no vendor folder [] []
[2020-06-29 22:39:45] app.INFO: Protect vendor folder in module ps_shoppingcart [] []
[2020-06-29 22:39:45] app.INFO: Module ps_shoppingcart has no vendor folder [] []
[2020-06-29 22:39:45] app.INFO: Protect vendor folder in module ps_socialfollow [] []
[2020-06-29 22:39:45] app.INFO: Module ps_socialfollow has no vendor folder [] []
[2020-06-29 22:39:46] app.INFO: Protect vendor folder in module ps_themecusto [] []
[2020-06-29 22:39:46] app.INFO: Module ps_themecusto has no vendor folder [] []
[2020-06-29 22:39:46] app.INFO: Protect vendor folder in module ps_wirepayment [] []
[2020-06-29 22:39:46] app.INFO: Module ps_wirepayment has no vendor folder [] []
[2020-06-29 22:39:46] app.INFO: Protect vendor folder in module pagesnotfound [] []
[2020-06-29 22:39:46] app.INFO: Module pagesnotfound has no vendor folder [] []
[2020-06-29 22:39:46] app.INFO: Protect vendor folder in module sekeywords [] []
[2020-06-29 22:39:46] app.INFO: Module sekeywords has no vendor folder [] []
[2020-06-29 22:39:46] app.INFO: Protect vendor folder in module statsbestcategories [] []
[2020-06-29 22:39:46] app.INFO: Module statsbestcategories has no vendor folder [] []
[2020-06-29 22:39:46] app.INFO: Protect vendor folder in module statsbestcustomers [] []
[2020-06-29 22:39:46] app.INFO: Module statsbestcustomers has no vendor folder [] []
[2020-06-29 22:39:46] app.INFO: Protect vendor folder in module statsbestproducts [] []
[2020-06-29 22:39:46] app.INFO: Module statsbestproducts has no vendor folder [] []
[2020-06-29 22:39:46] app.INFO: Protect vendor folder in module statsbestsuppliers [] []
[2020-06-29 22:39:46] app.INFO: Module statsbestsuppliers has no vendor folder [] []
[2020-06-29 22:39:46] app.INFO: Protect vendor folder in module statsbestvouchers [] []
[2020-06-29 22:39:46] app.INFO: Module statsbestvouchers has no vendor folder [] []
[2020-06-29 22:39:46] app.INFO: Protect vendor folder in module statscarrier [] []
[2020-06-29 22:39:46] app.INFO: Module statscarrier has no vendor folder [] []
[2020-06-29 22:39:46] app.INFO: Protect vendor folder in module statscatalog [] []
[2020-06-29 22:39:46] app.INFO: Module statscatalog has no vendor folder [] []
[2020-06-29 22:39:46] app.INFO: Protect vendor folder in module statscheckup [] []
[2020-06-29 22:39:46] app.INFO: Module statscheckup has no vendor folder [] []
[2020-06-29 22:39:46] app.INFO: Protect vendor folder in module statsdata [] []
[2020-06-29 22:39:46] app.INFO: Module statsdata has no vendor folder [] []
[2020-06-29 22:39:46] app.INFO: Protect vendor folder in module statsequipment [] []
[2020-06-29 22:39:46] app.INFO: Module statsequipment has no vendor folder [] []
[2020-06-29 22:39:46] app.INFO: Protect vendor folder in module statsforecast [] []
[2020-06-29 22:39:46] app.INFO: Module statsforecast has no vendor folder [] []
[2020-06-29 22:39:46] app.INFO: Protect vendor folder in module statslive [] []
[2020-06-29 22:39:46] app.INFO: Module statslive has no vendor folder [] []
[2020-06-29 22:39:46] app.INFO: Protect vendor folder in module statsnewsletter [] []
[2020-06-29 22:39:46] app.INFO: Module statsnewsletter has no vendor folder [] []
[2020-06-29 22:39:46] app.INFO: Protect vendor folder in module statsorigin [] []
[2020-06-29 22:39:46] app.INFO: Module statsorigin has no vendor folder [] []
[2020-06-29 22:39:46] app.INFO: Protect vendor folder in module statspersonalinfos [] []
[2020-06-29 22:39:46] app.INFO: Module statspersonalinfos has no vendor folder [] []
[2020-06-29 22:39:47] app.INFO: Protect vendor folder in module statsproduct [] []
[2020-06-29 22:39:47] app.INFO: Module statsproduct has no vendor folder [] []
[2020-06-29 22:39:47] app.INFO: Protect vendor folder in module statsregistrations [] []
[2020-06-29 22:39:47] app.INFO: Module statsregistrations has no vendor folder [] []
[2020-06-29 22:39:47] app.INFO: Protect vendor folder in module statssales [] []
[2020-06-29 22:39:47] app.INFO: Module statssales has no vendor folder [] []
[2020-06-29 22:39:47] app.INFO: Protect vendor folder in module statssearch [] []
[2020-06-29 22:39:47] app.INFO: Module statssearch has no vendor folder [] []
[2020-06-29 22:39:47] app.INFO: Protect vendor folder in module statsstock [] []
[2020-06-29 22:39:47] app.INFO: Module statsstock has no vendor folder [] []
[2020-06-29 22:39:47] app.INFO: Protect vendor folder in module statsvisits [] []
[2020-06-29 22:39:47] app.INFO: Module statsvisits has no vendor folder [] []
[2020-06-29 22:39:47] app.INFO: Protect vendor folder in module welcome [] []
[2020-06-29 22:39:49] app.INFO: Exporting mail with theme modern for language Français (French) [] []
[2020-06-29 22:39:49] app.INFO: Core output folder: C:\wamp64\www\prestashop/mails [] []
[2020-06-29 22:39:49] app.INFO: Modules output folder: C:\wamp64\www\prestashop/modules/ [] []
[2020-06-29 22:39:51] app.INFO: Exporting mail with theme modern for language ‫العربية (Arabic) [] []
[2020-06-29 22:39:51] app.INFO: Core output folder: C:\wamp64\www\prestashop/mails [] []
[2020-06-29 22:39:51] app.INFO: Modules output folder: C:\wamp64\www\prestashop/modules/ [] []
[2020-06-30 00:10:30] request.INFO: Matched route "admin_themes_import". {"route":"admin_themes_import","route_parameters":{"_controller":"PrestaShopBundle\\Controller\\Admin\\Improve\\Design\\ThemeController::importAction","_legacy_controller":"AdminThemes","_legacy_link":"AdminThemes:importtheme","_route":"admin_themes_import"},"request_uri":"http://localhost:81/prestashop/admin158uvqu32/index.php/improve/design/themes/import?_token=j1L96EMJsPeO2uPFVZHMUV0tO3BMstYdxeY0z5YLUqU","method":"POST"} []
[2020-06-30 00:10:30] security.DEBUG: Read existing security token from the session. {"key":"_security_main","token_class":"Symfony\\Component\\Security\\Core\\Authentication\\Token\\UsernamePasswordToken"} []
[2020-06-30 00:10:30] security.DEBUG: User was reloaded from a user provider. {"provider":"PrestaShopBundle\\Security\\Admin\\EmployeeProvider","username":"baqqamohamed@gmail.com"} []
[2020-06-30 00:10:43] app.ERROR: You must specify as many arguments (%d, %s ...) as the original string. [] []
[2020-06-30 00:10:43] security.DEBUG: Stored the security token in the session. {"key":"_security_main"} []
[2020-07-03 00:28:39] request.INFO: Matched route "admin_module_manage_action". {"route":"admin_module_manage_action","route_parameters":{"_controller":"PrestaShopBundle\\Controller\\Admin\\Improve\\ModuleController::moduleAction","action":"enable","module_name":"postabcateslider","_route":"admin_module_manage_action"},"request_uri":"http://localhost:81/prestashop/admin158uvqu32/index.php/improve/modules/manage/action/enable/postabcateslider?_token=Sv1BTK79p3yMU03mcoUOgnfaMGQ7rBwh8LiLus1L9ZQ","method":"POST"} []
[2020-07-03 00:28:39] security.DEBUG: Read existing security token from the session. {"key":"_security_main","token_class":"Symfony\\Component\\Security\\Core\\Authentication\\Token\\UsernamePasswordToken"} []
[2020-07-03 00:28:39] security.DEBUG: User was reloaded from a user provider. {"provider":"PrestaShopBundle\\Security\\Admin\\EmployeeProvider","username":"baqqamohamed@gmail.com"} []
[2020-07-03 00:28:44] app.ERROR: Data from PrestaShop Addons is invalid, and cannot fallback on cache.  {"exception":"cURL error 28: Operation timed out after 5000 milliseconds with 390517 bytes received"} []
[2020-07-03 00:28:44] app.INFO: Protect vendor folder in module postabcateslider [] []
[2020-07-03 00:28:44] app.INFO: Module postabcateslider has no vendor folder [] []
[2020-07-03 00:28:44] security.DEBUG: Stored the security token in the session. {"key":"_security_main"} []
[2020-07-03 00:32:19] request.CRITICAL: Uncaught PHP Exception Symfony\Component\Debug\Exception\FatalErrorException: "Error: Maximum execution time of 120 seconds exceeded" at C:\wamp64\www\prestashop\classes\Tools.php line 2153 {"exception":"[object] (Symfony\\Component\\Debug\\Exception\\FatalErrorException(code: 0): Error: Maximum execution time of 120 seconds exceeded at C:\\wamp64\\www\\prestashop\\classes\\Tools.php:2153)"} []
[2020-07-03 00:44:01] request.INFO: Matched route "admin_module_manage_action". {"route":"admin_module_manage_action","route_parameters":{"_controller":"PrestaShopBundle\\Controller\\Admin\\Improve\\ModuleController::moduleAction","action":"enable","module_name":"ps_newproducts","_route":"admin_module_manage_action"},"request_uri":"http://localhost:81/prestashop/admin158uvqu32/index.php/improve/modules/manage/action/enable/ps_newproducts?_token=Sv1BTK79p3yMU03mcoUOgnfaMGQ7rBwh8LiLus1L9ZQ","method":"POST"} []
[2020-07-03 00:44:01] security.DEBUG: Read existing security token from the session. {"key":"_security_main","token_class":"Symfony\\Component\\Security\\Core\\Authentication\\Token\\UsernamePasswordToken"} []
[2020-07-03 00:44:01] security.DEBUG: User was reloaded from a user provider. {"provider":"PrestaShopBundle\\Security\\Admin\\EmployeeProvider","username":"baqqamohamed@gmail.com"} []
[2020-07-03 00:44:06] app.ERROR: Data from PrestaShop Addons is invalid, and cannot fallback on cache.  {"exception":"cURL error 28: Operation timed out after 5000 milliseconds with 350133 bytes received"} []
[2020-07-03 00:44:06] app.INFO: Protect vendor folder in module ps_newproducts [] []
[2020-07-03 00:44:06] security.DEBUG: Stored the security token in the session. {"key":"_security_main"} []
[2020-07-03 01:01:07] request.INFO: Matched route "admin_module_manage". {"route":"admin_module_manage","route_parameters":{"category":null,"keyword":null,"_controller":"PrestaShopBundle\\Controller\\Admin\\Improve\\ModuleController::manageAction","_legacy_controller":"AdminModulesManage","_legacy_link":["AdminModulesManage","AdminModulesSf"],"_route":"admin_module_manage"},"request_uri":"http://localhost:81/prestashop/admin158uvqu32/index.php/improve/modules/manage?_token=Sv1BTK79p3yMU03mcoUOgnfaMGQ7rBwh8LiLus1L9ZQ","method":"GET"} []
[2020-07-03 01:01:07] security.DEBUG: Read existing security token from the session. {"key":"_security_main","token_class":"Symfony\\Component\\Security\\Core\\Authentication\\Token\\UsernamePasswordToken"} []
[2020-07-03 01:01:07] security.DEBUG: User was reloaded from a user provider. {"provider":"PrestaShopBundle\\Security\\Admin\\EmployeeProvider","username":"baqqamohamed@gmail.com"} []
[2020-07-03 01:01:12] app.ERROR: Data from PrestaShop Addons is invalid, and cannot fallback on cache.  {"exception":"cURL error 28: Operation timed out after 5000 milliseconds with 470524 bytes received"} []
[2020-07-03 01:01:14] security.DEBUG: Stored the security token in the session. {"key":"_security_main"} []
